<?xml version="1.0" encoding="UTF-8"?>
<!-- Generated by org.testng.reporters.JUnitReportReporter -->
<testsuite skipped="0" hostname="DESKTOP-CE8EP9M" name="testNG.Zadatak2" tests="1" failures="0" timestamp="13 Mar 2020 19:59:48 GMT" time="9.968" errors="0">
  <testcase name="signInTest" time="9.968" classname="testNG.Zadatak2"/>
</testsuite> <!-- testNG.Zadatak2 -->
