<?xml version="1.0" encoding="UTF-8"?>
<!-- Generated by org.testng.reporters.JUnitReportReporter -->
<testsuite skipped="0" hostname="DESKTOP-CE8EP9M" name="testNG.Zadatak1" tests="1" failures="0" timestamp="24 Mar 2020 18:40:28 GMT" time="2.008" errors="0">
  <testcase name="titleTest" time="2.008" classname="testNG.Zadatak1"/>
</testsuite> <!-- testNG.Zadatak1 -->
