<?xml version="1.0" encoding="UTF-8"?>
<!-- Generated by org.testng.reporters.JUnitReportReporter -->
<testsuite skipped="0" hostname="DESKTOP-CE8EP9M" name="testNG.Zadatak3" tests="1" failures="0" timestamp="13 Mar 2020 20:46:53 GMT" time="4.749" errors="0">
  <testcase name="linksTest" time="4.749" classname="testNG.Zadatak3"/>
</testsuite> <!-- testNG.Zadatak3 -->
