<?xml version="1.0" encoding="UTF-8"?>
<!-- Generated by org.testng.reporters.JUnitReportReporter -->
<testsuite skipped="0" hostname="DESKTOP-CE8EP9M" name="ulancavanje.Zadatak5" tests="1" failures="0" timestamp="18 Mar 2020 17:05:11 GMT" time="6.394" errors="0">
  <testcase name="ulancavanje" time="6.394" classname="ulancavanje.Zadatak5"/>
</testsuite> <!-- ulancavanje.Zadatak5 -->
