<?xml version="1.0" encoding="UTF-8"?>
<!-- Generated by org.testng.reporters.JUnitReportReporter -->
<testsuite skipped="0" hostname="DESKTOP-CE8EP9M" name="tests.SearchResultTest" tests="1" failures="0" timestamp="19 Mar 2020 16:35:38 GMT" time="7.038" errors="0">
  <testcase name="freeShippingTest" time="7.038" classname="tests.SearchResultTest"/>
</testsuite> <!-- tests.SearchResultTest -->
