<?xml version="1.0" encoding="UTF-8"?>
<!-- Generated by org.testng.reporters.JUnitReportReporter -->
<testsuite skipped="0" hostname="DESKTOP-CE8EP9M" name="ulancavanje.Zadatak2" tests="1" failures="0" timestamp="18 Mar 2020 17:01:59 GMT" time="11.763" errors="0">
  <testcase name="ulancavanje" time="11.763" classname="ulancavanje.Zadatak2"/>
</testsuite> <!-- ulancavanje.Zadatak2 -->
