<?xml version="1.0" encoding="UTF-8"?>
<!-- Generated by org.testng.reporters.JUnitReportReporter -->
<testsuite skipped="0" hostname="DESKTOP-CE8EP9M" name="tests.AdressesTest" tests="1" failures="0" timestamp="18 Mar 2020 16:39:30 GMT" time="11.714" errors="0">
  <testcase name="changeBillingAddress" time="11.714" classname="tests.AdressesTest"/>
</testsuite> <!-- tests.AdressesTest -->
