<?xml version="1.0" encoding="UTF-8"?>
<!-- Generated by org.testng.reporters.JUnitReportReporter -->
<testsuite skipped="0" hostname="DESKTOP-CE8EP9M" name="ulancavanje.Zadatak4" tests="1" failures="0" timestamp="18 Mar 2020 17:04:10 GMT" time="5.084" errors="0">
  <testcase name="ulancavanje" time="5.084" classname="ulancavanje.Zadatak4"/>
</testsuite> <!-- ulancavanje.Zadatak4 -->
