<?xml version="1.0" encoding="UTF-8"?>
<!-- Generated by org.testng.reporters.JUnitReportReporter -->
<testsuite skipped="0" hostname="DESKTOP-CE8EP9M" name="tests.RegistrationTest" tests="1" failures="0" timestamp="29 Nov 2020 13:18:14 GMT" time="19.983" errors="0">
  <testcase name="registrationTest" time="19.983" classname="tests.RegistrationTest"/>
</testsuite> <!-- tests.RegistrationTest -->
