<?xml version="1.0" encoding="UTF-8"?>
<!-- Generated by org.testng.reporters.JUnitReportReporter -->
<testsuite skipped="0" hostname="DESKTOP-CE8EP9M" name="ulancavanje.Zadatak3" tests="1" failures="0" timestamp="18 Mar 2020 17:03:19 GMT" time="9.120" errors="0">
  <testcase name="loginTest" time="9.120" classname="ulancavanje.Zadatak3"/>
</testsuite> <!-- ulancavanje.Zadatak3 -->
