<?xml version="1.0" encoding="UTF-8"?>
<!-- Generated by org.testng.reporters.JUnitReportReporter -->
<testsuite skipped="0" hostname="DESKTOP-CE8EP9M" name="ulancavanje.Zadatak1" tests="1" failures="0" timestamp="18 Mar 2020 16:59:29 GMT" time="3.221" errors="0">
  <testcase name="loginTest" time="3.221" classname="ulancavanje.Zadatak1"/>
</testsuite> <!-- ulancavanje.Zadatak1 -->
